<?xml version="1.0" encoding="UTF-8" standalone="yes"?>
<ns2:test-suite xmlns:ns2="urn:model.allure.qatools.yandex.ru" start="1423215275156" stop="1423215288525" version="1.4.1">
    <name>Suite1</name>
    <test-cases>
        <test-case start="1423215282130" stop="1423215288497" status="failed">
            <name>createBCwithFillForm</name>
            <failure>
                <message>AssertionError: null</message>
                <stack-trace>java.lang.AssertionError
	at org.junit.Assert.fail(Assert.java:86)
	at org.junit.Assert.assertTrue(Assert.java:41)
	at org.junit.Assert.assertTrue(Assert.java:52)
	at com.sl.test.TestBroadcastChannel.createBCwithFillForm(TestBroadcastChannel.java:31)
	at sun.reflect.NativeMethodAccessorImpl.invoke0(Native Method)
	at sun.reflect.NativeMethodAccessorImpl.invoke(NativeMethodAccessorImpl.java:62)
	at sun.reflect.DelegatingMethodAccessorImpl.invoke(DelegatingMethodAccessorImpl.java:43)
	at java.lang.reflect.Method.invoke(Method.java:483)
	at org.testng.internal.MethodInvocationHelper.invokeMethod(MethodInvocationHelper.java:84)
	at org.testng.internal.Invoker.invokeMethod(Invoker.java:714)
	at org.testng.internal.Invoker.invokeTestMethod(Invoker.java:901)
	at org.testng.internal.Invoker.invokeTestMethods(Invoker.java:1231)
	at org.testng.internal.TestMethodWorker.invokeTestMethods(TestMethodWorker.java:127)
	at org.testng.internal.TestMethodWorker.run(TestMethodWorker.java:111)
	at org.testng.TestRunner.privateRun(TestRunner.java:767)
	at org.testng.TestRunner.run(TestRunner.java:617)
	at org.testng.SuiteRunner.runTest(SuiteRunner.java:348)
	at org.testng.SuiteRunner.runSequentially(SuiteRunner.java:343)
	at org.testng.SuiteRunner.privateRun(SuiteRunner.java:305)
	at org.testng.SuiteRunner.run(SuiteRunner.java:254)
	at org.testng.SuiteRunnerWorker.runSuite(SuiteRunnerWorker.java:52)
	at org.testng.SuiteRunnerWorker.run(SuiteRunnerWorker.java:86)
	at org.testng.TestNG.runSuitesSequentially(TestNG.java:1224)
	at org.testng.TestNG.runSuitesLocally(TestNG.java:1149)
	at org.testng.TestNG.run(TestNG.java:1057)
	at org.apache.maven.surefire.testng.TestNGExecutor.run(TestNGExecutor.java:295)
	at org.apache.maven.surefire.testng.TestNGXmlTestSuite.execute(TestNGXmlTestSuite.java:84)
	at org.apache.maven.surefire.testng.TestNGProvider.invoke(TestNGProvider.java:90)
	at org.apache.maven.surefire.booter.ForkedBooter.invokeProviderInSameClassLoader(ForkedBooter.java:203)
	at org.apache.maven.surefire.booter.ForkedBooter.runSuitesInProcess(ForkedBooter.java:155)
	at org.apache.maven.surefire.booter.ForkedBooter.main(ForkedBooter.java:103)
</stack-trace>
            </failure>
            <steps>
                <step start="1423215281453" stop="1423215282113" status="passed">
                    <name>loginAs[com.sl.model.User@55cd41f7]</name>
                    <title>Login</title>
                </step>
                <step start="1423215282131" stop="1423215287010" status="passed">
                    <name>openPage[BROADCASTCHANNEL]</name>
                    <title>Open internal page</title>
                </step>
            </steps>
            <attachments>
                <attachment title="" source="25acf543d5dc0cd6a7f9166d51aff52254223630a3337aed4970450fb3588d23-attachment.png" type="image/png" size="229103"/>
                <attachment title="takeLog" source="6a8446184ed99c8233b177aef33a52bf07c3cb65b04ed9860aacd0d194f82612-attachment.txt" type="text/plain" size="28"/>
            </attachments>
            <labels/>
        </test-case>
    </test-cases>
    <labels>
        <label name="framework" value="TestNG"/>
        <label name="feature" value="KaraokeSmokeTest"/>
        <label name="language" value="JAVA"/>
    </labels>
</ns2:test-suite>
