<?xml version="1.0" encoding="UTF-8"?>
<testng-results skipped="0" failed="1" total="1" passed="0">
  <reporter-output>
    <line>
      <![CDATA[screenshot saved at D:\SL_AdminUIAF\target\snapshot\06.02.2015 12_34_47.png]]>
    </line>
    <line>
      <![CDATA[<a href='D:\SL_AdminUIAF\target\snapshot\06.02.2015 12_34_47.png' <img src='D:\SL_AdminUIAF\target\snapshot\06.02.2015 12_34_47.png' hight='100' width='100'/>06.02.2015 12_34_47</a>]]>
    </line>
  </reporter-output>
  <suite name="Suite1" duration-ms="13355" started-at="2015-02-06T09:34:35Z" finished-at="2015-02-06T09:34:48Z">
    <groups>
    </groups>
    <test name="KaraokeSmokeTest" duration-ms="13355" started-at="2015-02-06T09:34:35Z" finished-at="2015-02-06T09:34:48Z">
      <class name="com.sl.test.TestBroadcastChannel">
        <test-method status="PASS" signature="init()[pri:0, instance:com.sl.test.TestBroadcastChannel@6e31d989]" name="init" is-config="true" duration-ms="6939" started-at="2015-02-06T12:34:35Z" finished-at="2015-02-06T12:34:42Z">
          <reporter-output>
          </reporter-output>
        </test-method> <!-- init -->
        <test-method status="FAIL" signature="createBCwithFillForm()[pri:0, instance:com.sl.test.TestBroadcastChannel@6e31d989]" name="createBCwithFillForm" duration-ms="4901" started-at="2015-02-06T12:34:42Z" finished-at="2015-02-06T12:34:47Z">
          <exception class="java.lang.AssertionError">
            <full-stacktrace>
              <![CDATA[java.lang.AssertionError
	at org.junit.Assert.fail(Assert.java:86)
	at org.junit.Assert.assertTrue(Assert.java:41)
	at org.junit.Assert.assertTrue(Assert.java:52)
	at com.sl.test.TestBroadcastChannel.createBCwithFillForm(TestBroadcastChannel.java:31)
	at sun.reflect.NativeMethodAccessorImpl.invoke0(Native Method)
	at sun.reflect.NativeMethodAccessorImpl.invoke(NativeMethodAccessorImpl.java:62)
	at sun.reflect.DelegatingMethodAccessorImpl.invoke(DelegatingMethodAccessorImpl.java:43)
	at java.lang.reflect.Method.invoke(Method.java:483)
	at org.testng.internal.MethodInvocationHelper.invokeMethod(MethodInvocationHelper.java:84)
	at org.testng.internal.Invoker.invokeMethod(Invoker.java:714)
	at org.testng.internal.Invoker.invokeTestMethod(Invoker.java:901)
	at org.testng.internal.Invoker.invokeTestMethods(Invoker.java:1231)
	at org.testng.internal.TestMethodWorker.invokeTestMethods(TestMethodWorker.java:127)
	at org.testng.internal.TestMethodWorker.run(TestMethodWorker.java:111)
	at org.testng.TestRunner.privateRun(TestRunner.java:767)
	at org.testng.TestRunner.run(TestRunner.java:617)
	at org.testng.SuiteRunner.runTest(SuiteRunner.java:348)
	at org.testng.SuiteRunner.runSequentially(SuiteRunner.java:343)
	at org.testng.SuiteRunner.privateRun(SuiteRunner.java:305)
	at org.testng.SuiteRunner.run(SuiteRunner.java:254)
	at org.testng.SuiteRunnerWorker.runSuite(SuiteRunnerWorker.java:52)
	at org.testng.SuiteRunnerWorker.run(SuiteRunnerWorker.java:86)
	at org.testng.TestNG.runSuitesSequentially(TestNG.java:1224)
	at org.testng.TestNG.runSuitesLocally(TestNG.java:1149)
	at org.testng.TestNG.run(TestNG.java:1057)
	at org.apache.maven.surefire.testng.TestNGExecutor.run(TestNGExecutor.java:295)
	at org.apache.maven.surefire.testng.TestNGXmlTestSuite.execute(TestNGXmlTestSuite.java:84)
	at org.apache.maven.surefire.testng.TestNGProvider.invoke(TestNGProvider.java:90)
	at org.apache.maven.surefire.booter.ForkedBooter.invokeProviderInSameClassLoader(ForkedBooter.java:203)
	at org.apache.maven.surefire.booter.ForkedBooter.runSuitesInProcess(ForkedBooter.java:155)
	at org.apache.maven.surefire.booter.ForkedBooter.main(ForkedBooter.java:103)
]]>
            </full-stacktrace>
          </exception> <!-- java.lang.AssertionError -->
          <reporter-output>
            <line>
              <![CDATA[screenshot saved at D:\SL_AdminUIAF\target\snapshot\06.02.2015 12_34_47.png]]>
            </line>
            <line>
              <![CDATA[<a href='D:\SL_AdminUIAF\target\snapshot\06.02.2015 12_34_47.png' <img src='D:\SL_AdminUIAF\target\snapshot\06.02.2015 12_34_47.png' hight='100' width='100'/>06.02.2015 12_34_47</a>]]>
            </line>
          </reporter-output>
        </test-method> <!-- createBCwithFillForm -->
        <test-method status="PASS" signature="stop()[pri:0, instance:com.sl.test.TestBroadcastChannel@6e31d989]" name="stop" is-config="true" duration-ms="280" started-at="2015-02-06T12:34:49Z" finished-at="2015-02-06T12:34:49Z">
          <reporter-output>
          </reporter-output>
        </test-method> <!-- stop -->
      </class> <!-- com.sl.test.TestBroadcastChannel -->
    </test> <!-- KaraokeSmokeTest -->
  </suite> <!-- Suite1 -->
</testng-results>
